[Tue, 31 Dec 2019 14:29:05 -0400] EXCEPTION CODE: 2 FILE: /var/www/html/ecomod/sys/libs/common/PhpAjaxBridge.php LINE: 82 MESSAGE: fopen(archivo.txt): failed to open stream: Permission denied BACKTRACE: #0 sys\libs\common\ErrorLog->catchError ( 2, fopen(archivo.txt): failed to open stream: Permission denied, /var/www/html/ecomod/sys/libs/common/PhpAjaxBridge.php, 82 ) #1 /var/www/html/ecomod/sys/libs/common/PhpAjaxBridge.php(82): fopen ( "archivo.txt, a" ) 
[Tue, 31 Dec 2019 14:36:36 -0400] EXCEPTION CODE: 2 FILE: 
/var/www/html/ecomod/sys/libs/common/PhpAjaxBridge.php LINE: 82 MESSAGE: 
fopen(archivo.txt): failed to open stream: Permission denied BACKTRACE: 
#0 sys\libs\common\ErrorLog->catchError ( 2, fopen(archivo.txt): failed to open stream: Permission denied, /var/www/html/ecomod/sys/libs/common/PhpAjaxBridge.php, 82 ) 
#1 /var/www/html/ecomod/sys/libs/common/PhpAjaxBridge.php(82): fopen ( "archivo.txt, a" ) 
[Tue, 31 Dec 2019 14:48:10 -0400] EXCEPTION CODE: 2 FILE: 
/var/www/html/ecomod/sys/libs/common/PhpAjaxBridge.php LINE: 82 MESSAGE: 
fopen(archivo.txt): failed to open stream: Permission denied BACKTRACE: 
#0 sys\libs\common\ErrorLog->catchError ( 2, fopen(archivo.txt): failed to open stream: Permission denied, /var/www/html/ecomod/sys/libs/common/PhpAjaxBridge.php, 82 ) 
#1 /var/www/html/ecomod/sys/libs/common/PhpAjaxBridge.php(82): fopen ( "archivo.txt, a" ) 
[Tue, 31 Dec 2019 14:49:27 -0400] EXCEPTION CODE: 2 FILE: 
/var/www/html/ecomod/sys/libs/common/PhpAjaxBridge.php LINE: 82 MESSAGE: 
fopen(archivo.txt): failed to open stream: Permission denied BACKTRACE: 
#0 sys\libs\common\ErrorLog->catchError ( 2, fopen(archivo.txt): failed to open stream: Permission denied, /var/www/html/ecomod/sys/libs/common/PhpAjaxBridge.php, 82 ) 
#1 /var/www/html/ecomod/sys/libs/common/PhpAjaxBridge.php(82): fopen ( "archivo.txt, a" ) 
[Tue, 31 Dec 2019 14:50:24 -0400] EXCEPTION CODE: 2 FILE: /var/www/html/ecomod/sys/libs/common/PhpAjaxBridge.php LINE: 82 MESSAGE: fopen(archivo.txt): failed to open stream: Permission denied BACKTRACE: #0 sys\libs\common\ErrorLog->catchError ( 2, fopen(archivo.txt): failed to open stream: Permission denied, /var/www/html/ecomod/sys/libs/common/PhpAjaxBridge.php, 82 ) #1 /var/www/html/ecomod/sys/libs/common/PhpAjaxBridge.php(82): fopen ( "archivo.txt, a" ) 
[Tue, 31 Dec 2019 14:51:38 -0400] EXCEPTION CODE: 2 FILE: /var/www/html/ecomod/sys/libs/common/PhpAjaxBridge.php LINE: 82 MESSAGE: fopen(archivo.txt): failed to open stream: Permission denied BACKTRACE: #0 sys\libs\common\ErrorLog->catchError ( 2, fopen(archivo.txt): failed to open stream: Permission denied, /var/www/html/ecomod/sys/libs/common/PhpAjaxBridge.php, 82 ) #1 /var/www/html/ecomod/sys/libs/common/PhpAjaxBridge.php(82): fopen ( "archivo.txt, a" ) 
[Tue, 31 Dec 2019 14:52:40 -0400] EXCEPTION CODE: 2 FILE: /var/www/html/ecomod/sys/libs/common/PhpAjaxBridge.php LINE: 82 MESSAGE: fopen(archivo.txt): failed to open stream: Permission denied BACKTRACE: #0 sys\libs\common\ErrorLog->catchError ( 2, fopen(archivo.txt): failed to open stream: Permission denied, /var/www/html/ecomod/sys/libs/common/PhpAjaxBridge.php, 82 ) #1 /var/www/html/ecomod/sys/libs/common/PhpAjaxBridge.php(82): fopen ( "archivo.txt, a" ) 
[Tue, 31 Dec 2019 14:54:22 -0400] EXCEPTION CODE: 8 FILE: /var/www/html/ecomod/sys/libs/common/PhpAjaxBridge.php LINE: 87 MESSAGE: Array to string conversion BACKTRACE: #0 /var/www/html/ecomod/sys/libs/common/PhpAjaxBridge.php(87): sys\libs\common\ErrorLog->catchError ( 8, Array to string conversion, /var/www/html/ecomod/sys/libs/common/PhpAjaxBridge.php, 87 ) 
